2025-09-30 09:22:20 Start registration process
2025-09-30 09:22:20 Received: Navindu2k21, navindualahakoon3@gmail.com
2025-09-30 09:22:31 Start registration process
2025-09-30 09:22:31 Received: Navindu2k21, navindualahakoon3@gmail.com
2025-09-30 09:36:58 Start registration process
2025-09-30 09:36:58 Received: Navindu2k21, navindualahakoon3@gmail.com
2025-09-30 09:38:36 Start registration process
2025-09-30 09:38:36 Received: Navindu2k21, navindualahakoon3@gmail.com
2025-09-30 09:38:44 Start registration process
2025-09-30 09:38:44 Received: Navindu2k21, navindualahakoon3@gmail.com
2025-09-30 09:42:42 Start registration process
2025-09-30 09:42:42 Received: Navindu2k21, navindualahakoon3@gmail.com
2025-09-30 09:42:50 Start registration process
2025-09-30 09:42:50 Received: Navindu2k21, navindualahakoon3@gmail.com
2025-09-30 09:44:58 Start registration process
2025-09-30 09:44:58 Received: Navindu2k21, navindualahakoon3@gmail.com
2025-09-30 09:46:24 Start registration process
2025-09-30 09:46:24 Received: Navindu2k21, navindualahakoon3@gmail.com
2025-09-30 09:46:24 Password hashed with md5
2025-09-30 09:46:24 User check query executed. Rows found: 0
2025-09-30 09:46:24 User check passed
2025-09-30 09:46:24 Registration successful
2025-09-30 11:09:12 Start registration process
2025-09-30 11:09:12 Received: Navindu2k21, navindualahakoon3@gmail.com
2025-09-30 11:09:12 Password hashed with md5
2025-09-30 11:09:12 User check query executed. Rows found: 0
2025-09-30 11:09:12 User check passed
2025-09-30 11:09:12 Registration successful
2025-09-30 11:15:11 Start registration process
2025-09-30 11:15:11 Received: Navindu2k21, navindualahakoon3@gmail.com
2025-09-30 11:15:11 Password hashed with md5
2025-09-30 11:15:11 User check query executed. Rows found: 0
2025-09-30 11:15:11 User check passed
2025-09-30 11:15:11 Registration successful
